<?xml version="1.0" encoding="UTF-8"?>
<testng-results skipped="0" failed="0" ignored="0" total="2" passed="2">
  <reporter-output>
  </reporter-output>
  <suite name="Suite" duration-ms="28551" started-at="2019-11-25T01:29:33Z" finished-at="2019-11-25T01:30:01Z">
    <groups>
    </groups>
    <test name="Test" duration-ms="28551" started-at="2019-11-25T01:29:33Z" finished-at="2019-11-25T01:30:01Z">
      <class name="GoogleTest.TC_001">
        <test-method status="PASS" signature="OPenBrowser()[pri:0, instance:GoogleTest.TC_001@cad498c]" name="OPenBrowser" is-config="true" duration-ms="2279" started-at="2019-11-24T20:29:33Z" finished-at="2019-11-24T20:29:35Z">
          <reporter-output>
          </reporter-output>
        </test-method> <!-- OPenBrowser -->
        <test-method status="PASS" signature="Test_1()[pri:0, instance:GoogleTest.TC_001@cad498c]" name="Test_1" duration-ms="10323" started-at="2019-11-24T20:29:35Z" finished-at="2019-11-24T20:29:46Z">
          <reporter-output>
          </reporter-output>
        </test-method> <!-- Test_1 -->
        <test-method status="PASS" signature="OPenBrowser()[pri:0, instance:GoogleTest.TC_001@cad498c]" name="OPenBrowser" is-config="true" duration-ms="1475" started-at="2019-11-24T20:29:46Z" finished-at="2019-11-24T20:29:47Z">
          <reporter-output>
          </reporter-output>
        </test-method> <!-- OPenBrowser -->
        <test-method status="PASS" signature="Test_2()[pri:0, instance:GoogleTest.TC_001@cad498c]" name="Test_2" duration-ms="14403" started-at="2019-11-24T20:29:47Z" finished-at="2019-11-24T20:30:01Z">
          <reporter-output>
          </reporter-output>
        </test-method> <!-- Test_2 -->
        <test-method status="PASS" signature="ClosingBrowser()[pri:0, instance:GoogleTest.TC_001@cad498c]" name="ClosingBrowser" is-config="true" duration-ms="25" started-at="2019-11-24T20:30:01Z" finished-at="2019-11-24T20:30:01Z">
          <reporter-output>
          </reporter-output>
        </test-method> <!-- ClosingBrowser -->
      </class> <!-- GoogleTest.TC_001 -->
    </test> <!-- Test -->
  </suite> <!-- Suite -->
</testng-results>
