<?xml version="1.0" encoding="UTF-8"?>
<testng-results skipped="0" failed="0" ignored="0" total="2" passed="2">
  <reporter-output>
  </reporter-output>
  <suite name="Default suite" duration-ms="32867" started-at="2019-11-29T06:03:38Z" finished-at="2019-11-29T06:04:11Z">
    <groups>
    </groups>
    <test name="Default test" duration-ms="32867" started-at="2019-11-29T06:03:38Z" finished-at="2019-11-29T06:04:11Z">
      <class name="GoogleTest.TC_001">
        <test-method status="PASS" signature="OPenBrowser()[pri:0, instance:GoogleTest.TC_001@28d25987]" name="OPenBrowser" is-config="true" duration-ms="7061" started-at="2019-11-29T06:03:38Z" finished-at="2019-11-29T06:03:45Z">
          <reporter-output>
          </reporter-output>
        </test-method> <!-- OPenBrowser -->
        <test-method status="PASS" signature="Test_1()[pri:0, instance:GoogleTest.TC_001@28d25987]" name="Test_1" duration-ms="7304" started-at="2019-11-29T06:03:45Z" finished-at="2019-11-29T06:03:52Z">
          <reporter-output>
          </reporter-output>
        </test-method> <!-- Test_1 -->
        <test-method status="PASS" signature="OPenBrowser()[pri:0, instance:GoogleTest.TC_001@28d25987]" name="OPenBrowser" is-config="true" duration-ms="6196" started-at="2019-11-29T06:03:52Z" finished-at="2019-11-29T06:03:59Z">
          <reporter-output>
          </reporter-output>
        </test-method> <!-- OPenBrowser -->
        <test-method status="PASS" signature="Test_2()[pri:0, instance:GoogleTest.TC_001@28d25987]" name="Test_2" duration-ms="12153" started-at="2019-11-29T06:03:59Z" finished-at="2019-11-29T06:04:11Z">
          <reporter-output>
          </reporter-output>
        </test-method> <!-- Test_2 -->
        <test-method status="PASS" signature="ClosingBrowser()[pri:0, instance:GoogleTest.TC_001@28d25987]" name="ClosingBrowser" is-config="true" duration-ms="131" started-at="2019-11-29T06:04:11Z" finished-at="2019-11-29T06:04:11Z">
          <reporter-output>
          </reporter-output>
        </test-method> <!-- ClosingBrowser -->
      </class> <!-- GoogleTest.TC_001 -->
    </test> <!-- Default test -->
  </suite> <!-- Default suite -->
</testng-results>
